ebook/testTxtBook/build/outputs/logs/manifest-merger-debug-report.txt
-- Merging decision tree log ---
manifest
ADDED from HWTxtReader\testTxtBook\AndroidManifest.xml:2:1-35:12
	package
		ADDED from HWTxtReader\testTxtBook\AndroidManifest.xml:3:5-38
	android:versionName
		ADDED from HWTxtReader\testTxtBook\AndroidManifest.xml:5:5-30
		INJECTED from HWTxtReader\testTxtBook\AndroidManifest.xml
		INJECTED from HWTxtReader\testTxtBook\AndroidManifest.xml
	android:versionCode
		ADDED from HWTxtReader\testTxtBook\AndroidManifest.xml:4:5-28
		INJECTED from HWTxtReader\testTxtBook\AndroidManifest.xml
		INJECTED from HWTxtReader\testTxtBook\AndroidManifest.xml
	xmlns:android
		ADDED from HWTxtReader\testTxtBook\AndroidManifest.xml:2:11-69
uses-sdk
ADDED from HWTxtReader\testTxtBook\AndroidManifest.xml:7:5-9:41
MERGED from [HWTxtReader:HwTxtReader:unspecified] AndroidManifest.xml:7:5-9:41
	android:targetSdkVersion
		ADDED from HWTxtReader\testTxtBook\AndroidManifest.xml:9:9-38
	android:minSdkVersion
		ADDED from HWTxtReader\testTxtBook\AndroidManifest.xml:8:9-35
uses-permission#android.permission.INTERNET
ADDED from HWTxtReader\testTxtBook\AndroidManifest.xml:11:5-67
MERGED from [HWTxtReader:HwTxtReader:unspecified] AndroidManifest.xml:11:5-67
	android:name
		ADDED from HWTxtReader\testTxtBook\AndroidManifest.xml:11:22-64
uses-permission#android.permission.READ_EXTERNAL_STORAGE
ADDED from HWTxtReader\testTxtBook\AndroidManifest.xml:12:5-80
MERGED from [HWTxtReader:HwTxtReader:unspecified] AndroidManifest.xml:12:5-80
	android:name
		ADDED from HWTxtReader\testTxtBook\AndroidManifest.xml:12:22-77
uses-permission#android.permission.ACCESS_NETWORK_STATE
ADDED from HWTxtReader\testTxtBook\AndroidManifest.xml:13:5-79
MERGED from [HWTxtReader:HwTxtReader:unspecified] AndroidManifest.xml:13:5-79
	android:name
		ADDED from HWTxtReader\testTxtBook\AndroidManifest.xml:13:22-76
uses-permission#android.permission.WRITE_EXTERNAL_STORAGE
ADDED from HWTxtReader\testTxtBook\AndroidManifest.xml:14:5-81
MERGED from [HWTxtReader:HwTxtReader:unspecified] AndroidManifest.xml:14:5-81
	android:name
		ADDED from HWTxtReader\testTxtBook\AndroidManifest.xml:14:22-78
uses-permission#android.permission.WRITE_SETTINGS
ADDED from HWTxtReader\testTxtBook\AndroidManifest.xml:15:5-73
MERGED from [HWTxtReader:HwTxtReader:unspecified] AndroidManifest.xml:15:5-73
	android:name
		ADDED from HWTxtReader\testTxtBook\AndroidManifest.xml:15:22-70
application
ADDED from HWTxtReader\testTxtBook\AndroidManifest.xml:17:5-33:19
	android:label
		ADDED from HWTxtReader\testTxtBook\AndroidManifest.xml:20:9-41
	android:allowBackup
		ADDED from HWTxtReader\testTxtBook\AndroidManifest.xml:18:9-35
	android:icon
		ADDED from HWTxtReader\testTxtBook\AndroidManifest.xml:19:9-45
	android:theme
		ADDED from HWTxtReader\testTxtBook\AndroidManifest.xml:21:9-40
activity#com.example.testtxtbook.TestActivity
ADDED from HWTxtReader\testTxtBook\AndroidManifest.xml:22:9-30:20
	android:label
		ADDED from HWTxtReader\testTxtBook\AndroidManifest.xml:24:13-45
	android:name
		ADDED from HWTxtReader\testTxtBook\AndroidManifest.xml:23:13-41
intent-filter#android.intent.action.MAIN+android.intent.category.LAUNCHER
ADDED from HWTxtReader\testTxtBook\AndroidManifest.xml:25:13-29:29
action#android.intent.action.MAIN
ADDED from HWTxtReader\testTxtBook\AndroidManifest.xml:26:17-69
	android:name
		ADDED from HWTxtReader\testTxtBook\AndroidManifest.xml:26:25-66
category#android.intent.category.LAUNCHER
ADDED from HWTxtReader\testTxtBook\AndroidManifest.xml:28:17-77
	android:name
		ADDED from HWTxtReader\testTxtBook\AndroidManifest.xml:28:27-74
activity#com.example.testtxtbook.BookPlayActivity
ADDED from HWTxtReader\testTxtBook\AndroidManifest.xml:31:9-32:20
	android:name
		ADDED from HWTxtReader\testTxtBook\AndroidManifest.xml:31:19-51